  meanshift.cpp
C:\Users\filip\Documents\GitHub\KEX-23\MeanShiftImages\meanshift.cpp(3,23): warning C4244: 'initializing': conversion from 'double' to 'const int', possible loss of data
C:\Users\filip\Documents\GitHub\KEX-23\MeanShiftImages\meanshift.cpp(120,16): warning C4838: conversion from 'int' to 'double' requires a narrowing conversion
C:\Users\filip\Documents\GitHub\KEX-23\MeanShiftImages\meanshift.cpp(120,21): warning C4838: conversion from 'int' to 'double' requires a narrowing conversion
C:\Users\filip\Documents\GitHub\KEX-23\MeanShiftImages\meanshift.cpp(120,26): warning C4838: conversion from 'int' to 'double' requires a narrowing conversion
C:\Users\filip\Documents\GitHub\KEX-23\MeanShiftImages\meanshift.cpp(120,29): warning C4838: conversion from 'int' to 'double' requires a narrowing conversion
C:\Users\filip\Documents\GitHub\KEX-23\MeanShiftImages\meanshift.cpp(120,32): warning C4838: conversion from 'int' to 'double' requires a narrowing conversion
C:\Users\filip\Documents\GitHub\KEX-23\MeanShiftImages\meanshift.cpp(133,24): warning C4267: 'return': conversion from 'size_t' to 'int', possible loss of data
C:\Users\filip\Documents\GitHub\KEX-23\MeanShiftImages\meanshift.cpp(163,14): warning C4244: 'initializing': conversion from 'double' to 'int', possible loss of data
C:\Users\filip\Documents\GitHub\KEX-23\MeanShiftImages\meanshift.cpp(164,14): warning C4244: 'initializing': conversion from 'double' to 'int', possible loss of data
C:\Users\filip\Documents\GitHub\KEX-23\MeanShiftImages\meanshift.cpp(198,28): warning C4244: '+=': conversion from 'double' to 'int', possible loss of data
C:\Users\filip\Documents\GitHub\KEX-23\MeanShiftImages\meanshift.cpp(199,28): warning C4244: '+=': conversion from 'double' to 'int', possible loss of data
C:\Users\filip\Documents\GitHub\KEX-23\MeanShiftImages\meanshift.cpp(200,28): warning C4244: '+=': conversion from 'double' to 'int', possible loss of data
C:\Users\filip\Documents\GitHub\KEX-23\MeanShiftImages\meanshift.cpp(213,37): warning C4244: 'argument': conversion from 'double' to 'int', possible loss of data
C:\Users\filip\Documents\GitHub\KEX-23\MeanShiftImages\meanshift.cpp(213,28): warning C4244: 'argument': conversion from 'double' to 'int', possible loss of data
  Generating code
  2 of 690 functions ( 0.3%) were compiled, the rest were copied from previous compilation.
    0 functions were new in current compilation
    0 functions had inline decision re-evaluated but remain unchanged
  Finished generating code
  MeanShiftImages.vcxproj -> C:\Users\filip\Documents\GitHub\KEX-23\MeanShiftImages\x64\Release\MeanShiftImages.exe
