  meanshift.cpp
C:\Users\filip\Documents\GitHub\KEX-23\MeanShiftImages\meanshift.cpp(3,23): warning C4244: 'initializing': conversion from 'double' to 'const int', possible loss of data
C:\Users\filip\Documents\GitHub\KEX-23\MeanShiftImages\meanshift.cpp(120,16): warning C4838: conversion from 'int' to 'double' requires a narrowing conversion
C:\Users\filip\Documents\GitHub\KEX-23\MeanShiftImages\meanshift.cpp(120,21): warning C4838: conversion from 'int' to 'double' requires a narrowing conversion
C:\Users\filip\Documents\GitHub\KEX-23\MeanShiftImages\meanshift.cpp(120,26): warning C4838: conversion from 'int' to 'double' requires a narrowing conversion
C:\Users\filip\Documents\GitHub\KEX-23\MeanShiftImages\meanshift.cpp(120,29): warning C4838: conversion from 'int' to 'double' requires a narrowing conversion
C:\Users\filip\Documents\GitHub\KEX-23\MeanShiftImages\meanshift.cpp(120,32): warning C4838: conversion from 'int' to 'double' requires a narrowing conversion
C:\Users\filip\Documents\GitHub\KEX-23\MeanShiftImages\meanshift.cpp(134,24): warning C4267: 'return': conversion from 'size_t' to 'int', possible loss of data
C:\Users\filip\Documents\GitHub\KEX-23\MeanShiftImages\meanshift.cpp(164,14): warning C4244: 'initializing': conversion from 'double' to 'int', possible loss of data
C:\Users\filip\Documents\GitHub\KEX-23\MeanShiftImages\meanshift.cpp(165,14): warning C4244: 'initializing': conversion from 'double' to 'int', possible loss of data
C:\Users\filip\Documents\GitHub\KEX-23\MeanShiftImages\meanshift.cpp(199,28): warning C4244: '+=': conversion from 'double' to 'int', possible loss of data
C:\Users\filip\Documents\GitHub\KEX-23\MeanShiftImages\meanshift.cpp(200,28): warning C4244: '+=': conversion from 'double' to 'int', possible loss of data
C:\Users\filip\Documents\GitHub\KEX-23\MeanShiftImages\meanshift.cpp(201,28): warning C4244: '+=': conversion from 'double' to 'int', possible loss of data
C:\Users\filip\Documents\GitHub\KEX-23\MeanShiftImages\meanshift.cpp(214,37): warning C4244: 'argument': conversion from 'double' to 'int', possible loss of data
C:\Users\filip\Documents\GitHub\KEX-23\MeanShiftImages\meanshift.cpp(214,28): warning C4244: 'argument': conversion from 'double' to 'int', possible loss of data
  MeanShiftImages.cpp
  Generating Code...
C:\Users\filip\Documents\GitHub\KEX-23\MeanShiftImages\meanshift.cpp(89): warning C4172: returning address of local variable or temporary: mP
C:\Users\filip\Documents\GitHub\KEX-23\MeanShiftImages\meanshift.cpp(37): warning C4172: returning address of local variable or temporary: sP
C:\Users\filip\Documents\GitHub\KEX-23\MeanShiftImages\meanshift.cpp(78): warning C4172: returning address of local variable or temporary: mP
  MeanShiftImages.vcxproj -> C:\Users\filip\Documents\GitHub\KEX-23\MeanShiftImages\x64\Debug\MeanShiftImages.exe
